Build started 2017/10/10 19:17:01.
     1>Project "D:\visual studio 2010\projects\DES-ENC\DES-ENC\DES-ENC.vcxproj" on node 2 (build target(s)).
     1>PrepareForBuild:
         Creating directory "D:\visual studio 2010\projects\DES-ENC\Debug\".
       InitializeBuildStatus:
         Creating "Debug\DES-ENC.unsuccessfulbuild" because "AlwaysCreate" was specified.
       ClCompile:
         D:\Program Files (x86)\Microsoft Visual Studio 10.0\VC\bin\CL.exe /c /ZI /nologo /W3 /WX- /Od /Oy- /D WIN32 /D _DEBUG /D _CONSOLE /D _UNICODE /D UNICODE /Gm /EHsc /RTC1 /MDd /GS /fp:precise /Zc:wchar_t /Zc:forScope /Fo"Debug\\" /Fd"Debug\vc100.pdb" /Gd /TP /analyze- /errorReport:prompt des.cpp
         des.cpp
     1>d:\visual studio 2010\projects\des-enc\des-enc\des.cpp(16): warning C4996: 'fopen': This function or variable may be unsafe. Consider using fopen_s instead. To disable deprecation, use _CRT_SECURE_NO_WARNINGS. See online help for details.
                 d:\program files (x86)\microsoft visual studio 10.0\vc\include\stdio.h(234) : see declaration of 'fopen'
     1>d:\visual studio 2010\projects\des-enc\des-enc\des.cpp(21): warning C4996: 'fscanf': This function or variable may be unsafe. Consider using fscanf_s instead. To disable deprecation, use _CRT_SECURE_NO_WARNINGS. See online help for details.
                 d:\program files (x86)\microsoft visual studio 10.0\vc\include\stdio.h(253) : see declaration of 'fscanf'
     1>d:\visual studio 2010\projects\des-enc\des-enc\des.cpp(63): warning C4996: 'fopen': This function or variable may be unsafe. Consider using fopen_s instead. To disable deprecation, use _CRT_SECURE_NO_WARNINGS. See online help for details.
                 d:\program files (x86)\microsoft visual studio 10.0\vc\include\stdio.h(234) : see declaration of 'fopen'
       ManifestResourceCompile:
         C:\Program Files (x86)\Microsoft SDKs\Windows\v7.0A\bin\rc.exe /nologo /fo"Debug\DES-ENC.exe.embed.manifest.res" Debug\DES-ENC_manifest.rc 
       Link:
         D:\Program Files (x86)\Microsoft Visual Studio 10.0\VC\bin\link.exe /ERRORREPORT:PROMPT /OUT:"D:\visual studio 2010\projects\DES-ENC\Debug\DES-ENC.exe" /INCREMENTAL /NOLOGO kernel32.lib user32.lib gdi32.lib winspool.lib comdlg32.lib advapi32.lib shell32.lib ole32.lib oleaut32.lib uuid.lib odbc32.lib odbccp32.lib /MANIFEST /ManifestFile:"Debug\DES-ENC.exe.intermediate.manifest" /MANIFESTUAC:"level='asInvoker' uiAccess='false'" /DEBUG /PDB:"D:\visual studio 2010\projects\DES-ENC\Debug\DES-ENC.pdb" /SUBSYSTEM:CONSOLE /TLBID:1 /DYNAMICBASE /NXCOMPAT /IMPLIB:"D:\visual studio 2010\projects\DES-ENC\Debug\DES-ENC.lib" /MACHINE:X86 "Debug\DES-ENC.exe.embed.manifest.res"
         Debug\des.obj
       Manifest:
         C:\Program Files (x86)\Microsoft SDKs\Windows\v7.0A\bin\mt.exe /nologo /verbose /out:"Debug\DES-ENC.exe.embed.manifest" /manifest "Debug\DES-ENC.exe.intermediate.manifest"
         C:\Program Files (x86)\Microsoft SDKs\Windows\v7.0A\bin\rc.exe /nologo /fo"Debug\DES-ENC.exe.embed.manifest.res" Debug\DES-ENC_manifest.rc 
       LinkEmbedManifest:
         D:\Program Files (x86)\Microsoft Visual Studio 10.0\VC\bin\link.exe /ERRORREPORT:PROMPT /OUT:"D:\visual studio 2010\projects\DES-ENC\Debug\DES-ENC.exe" /INCREMENTAL /NOLOGO kernel32.lib user32.lib gdi32.lib winspool.lib comdlg32.lib advapi32.lib shell32.lib ole32.lib oleaut32.lib uuid.lib odbc32.lib odbccp32.lib /MANIFEST /ManifestFile:"Debug\DES-ENC.exe.intermediate.manifest" /MANIFESTUAC:"level='asInvoker' uiAccess='false'" /DEBUG /PDB:"D:\visual studio 2010\projects\DES-ENC\Debug\DES-ENC.pdb" /SUBSYSTEM:CONSOLE /TLBID:1 /DYNAMICBASE /NXCOMPAT /IMPLIB:"D:\visual studio 2010\projects\DES-ENC\Debug\DES-ENC.lib" /MACHINE:X86 "Debug\DES-ENC.exe.embed.manifest.res"
         Debug\des.obj
         DES-ENC.vcxproj -> D:\visual studio 2010\projects\DES-ENC\Debug\DES-ENC.exe
       FinalizeBuildStatus:
         Deleting file "Debug\DES-ENC.unsuccessfulbuild".
         Touching "Debug\DES-ENC.lastbuildstate".
     1>Done Building Project "D:\visual studio 2010\projects\DES-ENC\DES-ENC\DES-ENC.vcxproj" (build target(s)).

Build succeeded.

Time Elapsed 00:00:01.75
